<?xml version="1.0" encoding="UTF-8"?>
<!-- Generated by org.testng.reporters.JUnitReportReporter -->
<testsuite hostname="ATMECSINLT-1223" failures="0" tests="1" name="com.atmecs.jenkins.DynamicControls" time="15.329" errors="0" timestamp="2023-07-26T15:26:51 IST" skipped="0">
  <testcase classname="com.atmecs.jenkins.DynamicControls" name="testButtons" time="15.329"/>
  <system-out/>
</testsuite> <!-- com.atmecs.jenkins.DynamicControls -->
